Vivado Simulator 2018.2
Copyright 1986-1999, 2001-2018 Xilinx, Inc. All Rights Reserved.
Running: D:/Apps/vivado/2018.2/bin/unwrapped/win64.o/xelab.exe -wto dcb118762df14dc59429f3e3473a9043 --incr --debug typical --relax --mt 2 -L xil_defaultlib -L unisims_ver -L unimacro_ver -L secureip --snapshot tb_fsm_reaction_timer_behav xil_defaultlib.tb_fsm_reaction_timer xil_defaultlib.glbl -log elaborate.log 
Using 2 slave threads.
Starting static elaboration
Completed static elaboration
Starting simulation data flow analysis
WARNING: [XSIM 43-4099] "F:/Sem 7/HDL Project/fsm_reaction_timer.v" Line 1. Module fsm_reaction_timer doesn't have a timescale but at least one module in design has a timescale.
WARNING: [XSIM 43-4099] "F:/Sem 7/HDL Project/binary_to_bcd.v" Line 1. Module binary_to_bcd doesn't have a timescale but at least one module in design has a timescale.
WARNING: [XSIM 43-4099] "F:/Sem 7/HDL Project/seven_seg_decoder.v" Line 1. Module seven_seg_decoder doesn't have a timescale but at least one module in design has a timescale.
WARNING: [XSIM 43-4099] "F:/Sem 7/HDL Project/seven_seg_decoder.v" Line 1. Module seven_seg_decoder doesn't have a timescale but at least one module in design has a timescale.
WARNING: [XSIM 43-4099] "F:/Sem 7/HDL Project/seven_seg_decoder.v" Line 1. Module seven_seg_decoder doesn't have a timescale but at least one module in design has a timescale.
WARNING: [XSIM 43-4099] "F:/Sem 7/HDL Project/seven_seg_decoder.v" Line 1. Module seven_seg_decoder doesn't have a timescale but at least one module in design has a timescale.
Completed simulation data flow analysis
Time Resolution for simulation is 1ps
Compiling module xil_defaultlib.binary_to_bcd
Compiling module xil_defaultlib.seven_seg_decoder
Compiling module xil_defaultlib.fsm_reaction_timer
Compiling module xil_defaultlib.tb_fsm_reaction_timer
Compiling module xil_defaultlib.glbl
Built simulation snapshot tb_fsm_reaction_timer_behav
